[2025-04-18T22:02:04.120163+01:00] Flutterwave/PHP.NOTICE: Generating Reference Number.... [] []
[2025-04-18T22:02:04.120920+01:00] Flutterwave/PHP.NOTICE: Generated Reference Number....FW|PHP_6802bdcc1d848 [] []
[2025-04-18T22:02:04.121070+01:00] Flutterwave/PHP.NOTICE: Main Class Initializes.... [] []
[2025-04-18T22:02:04.128953+01:00] Flutterwave/PHP.NOTICE: Changing transaction reference from FW|PHP_6802bdcc1d848 to 6802bdcc1f01d [] []
[2025-04-18T22:02:04.131206+01:00] Flutterwave/PHP.INFO: Rendering Payment Modal.. [] []
[2025-04-18T22:02:04.131294+01:00] Flutterwave/PHP.INFO: Rendered Payment Modal Successfully.. [] []
[2025-04-18T22:17:03.182054+01:00] Flutterwave/PHP.NOTICE: Generating Reference Number.... [] []
[2025-04-18T22:17:03.182445+01:00] Flutterwave/PHP.NOTICE: Generated Reference Number....FW|PHP_6802c14f2c89d [] []
[2025-04-18T22:17:03.182621+01:00] Flutterwave/PHP.NOTICE: Main Class Initializes.... [] []
[2025-04-18T22:17:03.193966+01:00] Flutterwave/PHP.NOTICE: Changing transaction reference from FW|PHP_6802c14f2c89d to 6802c14f2f2c9 [] []
[2025-04-18T22:17:03.194253+01:00] Flutterwave/PHP.INFO: Rendering Payment Modal.. [] []
[2025-04-18T22:17:03.194336+01:00] Flutterwave/PHP.INFO: Rendered Payment Modal Successfully.. [] []
[2025-04-18T22:31:26.427968+01:00] Flutterwave/PHP.NOTICE: Generating Reference Number.... [] []
[2025-04-18T22:31:26.460236+01:00] Flutterwave/PHP.NOTICE: Generated Reference Number....FW|PHP_6802c4ae7059a [] []
[2025-04-18T22:31:26.461008+01:00] Flutterwave/PHP.NOTICE: Main Class Initializes.... [] []
[2025-04-18T22:32:34.271488+01:00] Flutterwave/PHP.NOTICE: Generating Reference Number.... [] []
[2025-04-18T22:32:34.271741+01:00] Flutterwave/PHP.NOTICE: Generated Reference Number....FW|PHP_6802c4f242576 [] []
[2025-04-18T22:32:34.271851+01:00] Flutterwave/PHP.NOTICE: Main Class Initializes.... [] []
[2025-04-18T22:34:30.457443+01:00] Flutterwave/PHP.NOTICE: Generating Reference Number.... [] []
[2025-04-18T22:34:30.457675+01:00] Flutterwave/PHP.NOTICE: Generated Reference Number....FW|PHP_6802c5666fbc4 [] []
[2025-04-18T22:34:30.457814+01:00] Flutterwave/PHP.NOTICE: Main Class Initializes.... [] []
[2025-04-18T22:34:30.462615+01:00] Flutterwave/PHP.NOTICE: Changing transaction reference from FW|PHP_6802c5666fbc4 to 6802c56670de4 [] []
[2025-04-18T22:34:30.462760+01:00] Flutterwave/PHP.INFO: Rendering Payment Modal.. [] []
[2025-04-18T22:34:30.462826+01:00] Flutterwave/PHP.INFO: Rendered Payment Modal Successfully.. [] []
