[2026-02-15T19:28:55.926565+01:00] Flutterwave/PHP.NOTICE: Generating Reference Number.... [] []
[2026-02-15T19:28:55.927223+01:00] Flutterwave/PHP.NOTICE: Generated Reference Number....FW|PHP_69921067e25e8 [] []
[2026-02-15T19:28:55.927445+01:00] Flutterwave/PHP.NOTICE: Main Class Initializes.... [] []
[2026-02-15T19:28:55.937246+01:00] Flutterwave/PHP.NOTICE: Changing transaction reference from FW|PHP_69921067e25e8 to 69921067e417c [] []
[2026-02-15T19:28:55.940423+01:00] Flutterwave/PHP.INFO: Rendering Payment Modal.. [] []
[2026-02-15T19:28:55.940509+01:00] Flutterwave/PHP.INFO: Rendered Payment Modal Successfully.. [] []
[2026-02-15T19:30:14.200987+01:00] Flutterwave/PHP.NOTICE: Generating Reference Number.... [] []
[2026-02-15T19:30:14.201420+01:00] Flutterwave/PHP.NOTICE: Generated Reference Number....FW|PHP_699210b6312c1 [] []
[2026-02-15T19:30:14.201566+01:00] Flutterwave/PHP.NOTICE: Main Class Initializes.... [] []
[2026-02-15T19:30:14.209041+01:00] Flutterwave/PHP.NOTICE: Changing transaction reference from FW|PHP_699210b6312c1 to 699210b632b33 [] []
[2026-02-15T19:30:14.210973+01:00] Flutterwave/PHP.INFO: Rendering Payment Modal.. [] []
[2026-02-15T19:30:14.211081+01:00] Flutterwave/PHP.INFO: Rendered Payment Modal Successfully.. [] []
[2026-02-15T19:34:17.772387+01:00] Flutterwave/PHP.NOTICE: Generating Reference Number.... [] []
[2026-02-15T19:34:17.772828+01:00] Flutterwave/PHP.NOTICE: Generated Reference Number....FW|PHP_699211a9bcad2 [] []
[2026-02-15T19:34:17.772987+01:00] Flutterwave/PHP.NOTICE: Main Class Initializes.... [] []
[2026-02-15T19:34:17.779803+01:00] Flutterwave/PHP.NOTICE: Changing transaction reference from FW|PHP_699211a9bcad2 to 699211a9be388 [] []
[2026-02-15T19:34:17.781582+01:00] Flutterwave/PHP.INFO: Rendering Payment Modal.. [] []
[2026-02-15T19:34:17.781663+01:00] Flutterwave/PHP.INFO: Rendered Payment Modal Successfully.. [] []
[2026-02-15T19:35:22.377020+01:00] Flutterwave/PHP.NOTICE: Generating Reference Number.... [] []
[2026-02-15T19:35:22.377304+01:00] Flutterwave/PHP.NOTICE: Generated Reference Number....FW|PHP_699211ea5c1cf [] []
[2026-02-15T19:35:22.377459+01:00] Flutterwave/PHP.NOTICE: Main Class Initializes.... [] []
[2026-02-15T19:35:22.384849+01:00] Flutterwave/PHP.NOTICE: Changing transaction reference from FW|PHP_699211ea5c1cf to 699211ea5dd4c [] []
[2026-02-15T19:35:22.385007+01:00] Flutterwave/PHP.INFO: Rendering Payment Modal.. [] []
[2026-02-15T19:35:22.385063+01:00] Flutterwave/PHP.INFO: Rendered Payment Modal Successfully.. [] []
[2026-02-15T19:38:11.275203+01:00] Flutterwave/PHP.NOTICE: Generating Reference Number.... [] []
[2026-02-15T19:38:11.275443+01:00] Flutterwave/PHP.NOTICE: Generated Reference Number....FW|PHP_69921293433ec [] []
[2026-02-15T19:38:11.275535+01:00] Flutterwave/PHP.NOTICE: Main Class Initializes.... [] []
[2026-02-15T19:38:11.282655+01:00] Flutterwave/PHP.NOTICE: Changing transaction reference from FW|PHP_69921293433ec to 6992129344e8d [] []
[2026-02-15T19:38:11.282806+01:00] Flutterwave/PHP.INFO: Rendering Payment Modal.. [] []
[2026-02-15T19:38:11.282850+01:00] Flutterwave/PHP.INFO: Rendered Payment Modal Successfully.. [] []
[2026-02-15T19:45:24.567546+01:00] Flutterwave/PHP.NOTICE: Generating Reference Number.... [] []
[2026-02-15T19:45:24.567799+01:00] Flutterwave/PHP.NOTICE: Generated Reference Number....FW|PHP_699214448a9ec [] []
[2026-02-15T19:45:24.567947+01:00] Flutterwave/PHP.NOTICE: Main Class Initializes.... [] []
[2026-02-15T19:45:24.575563+01:00] Flutterwave/PHP.NOTICE: Changing transaction reference from FW|PHP_699214448a9ec to 699214448c643 [] []
[2026-02-15T19:45:24.575835+01:00] Flutterwave/PHP.INFO: Rendering Payment Modal.. [] []
[2026-02-15T19:45:24.575943+01:00] Flutterwave/PHP.INFO: Rendered Payment Modal Successfully.. [] []
[2026-02-15T19:46:32.844536+01:00] Flutterwave/PHP.NOTICE: Generating Reference Number.... [] []
[2026-02-15T19:46:32.844843+01:00] Flutterwave/PHP.NOTICE: Generated Reference Number....FW|PHP_69921488ce422 [] []
[2026-02-15T19:46:32.844969+01:00] Flutterwave/PHP.NOTICE: Main Class Initializes.... [] []
[2026-02-15T19:46:32.850238+01:00] Flutterwave/PHP.NOTICE: Changing transaction reference from FW|PHP_69921488ce422 to 69921488cf810 [] []
[2026-02-15T19:46:32.850368+01:00] Flutterwave/PHP.INFO: Rendering Payment Modal.. [] []
[2026-02-15T19:46:32.850416+01:00] Flutterwave/PHP.INFO: Rendered Payment Modal Successfully.. [] []
